[INFO] Scanning for projects...
[INFO] 
[INFO] ----------------< com.ideas.contracts:contract-service >----------------
[INFO] Building contract-service 0.1.0-SNAPSHOT
[INFO]   from pom.xml
[INFO] --------------------------------[ jar ]---------------------------------
[INFO] 
[INFO] >>> spring-boot:3.3.5:run (default-cli) > test-compile @ contract-service >>>
[INFO] 
[INFO] --- resources:3.3.1:resources (default-resources) @ contract-service ---
[INFO] Copying 8 resources from src/main/resources to target/classes
[INFO] 
[INFO] --- compiler:3.13.0:compile (default-compile) @ contract-service ---
[INFO] Nothing to compile - all classes are up to date.
[INFO] 
[INFO] --- resources:3.3.1:testResources (default-testResources) @ contract-service ---
[INFO] Copying 1 resource from src/test/resources to target/test-classes
[INFO] 
[INFO] --- compiler:3.13.0:testCompile (default-testCompile) @ contract-service ---
[INFO] Nothing to compile - all classes are up to date.
[INFO] 
[INFO] <<< spring-boot:3.3.5:run (default-cli) < test-compile @ contract-service <<<
[INFO] 
[INFO] 
[INFO] --- spring-boot:3.3.5:run (default-cli) @ contract-service ---
[INFO] Attaching agents: []

  .   ____          _            __ _ _
 /\\ / ___'_ __ _ _(_)_ __  __ _ \ \ \ \
( ( )\___ | '_ | '_| | '_ \/ _` | \ \ \ \
 \\/  ___)| |_)| | | | | || (_| |  ) ) ) )
  '  |____| .__|_| |_|_| |_\__, | / / / /
 =========|_|==============|___/=/_/_/_/

 :: Spring Boot ::                (v3.3.5)

2026-03-10T14:46:45.125+05:30  INFO 18570 --- [           main] c.i.c.s.ContractServiceApplication       : Starting ContractServiceApplication using Java 25.0.2 with PID 18570 (/Users/siddarthkanamadi/Personal_Projects/dcg/data-contract-governance/contract-service/target/classes started by siddarthkanamadi in /Users/siddarthkanamadi/Personal_Projects/dcg/data-contract-governance/contract-service)
2026-03-10T14:46:45.126+05:30  INFO 18570 --- [           main] c.i.c.s.ContractServiceApplication       : The following 1 profile is active: "local"
WARNING: A restricted method in java.lang.System has been called
WARNING: java.lang.System::load has been called by org.apache.tomcat.jni.Library in an unnamed module (file:/Users/siddarthkanamadi/.m2/repository/org/apache/tomcat/embed/tomcat-embed-core/10.1.31/tomcat-embed-core-10.1.31.jar)
WARNING: Use --enable-native-access=ALL-UNNAMED to avoid a warning for callers in this module
WARNING: Restricted methods will be blocked in a future release unless native access is enabled

2026-03-10T14:46:45.499+05:30  INFO 18570 --- [           main] o.s.b.w.embedded.tomcat.TomcatWebServer  : Tomcat initialized with port 8080 (http)
2026-03-10T14:46:45.504+05:30  INFO 18570 --- [           main] o.apache.catalina.core.StandardService   : Starting service [Tomcat]
2026-03-10T14:46:45.504+05:30  INFO 18570 --- [           main] o.apache.catalina.core.StandardEngine    : Starting Servlet engine: [Apache Tomcat/10.1.31]
2026-03-10T14:46:45.523+05:30  INFO 18570 --- [           main] o.a.c.c.C.[Tomcat].[localhost].[/]       : Initializing Spring embedded WebApplicationContext
2026-03-10T14:46:45.523+05:30  INFO 18570 --- [           main] w.s.c.ServletWebServerApplicationContext : Root WebApplicationContext: initialization completed in 383 ms
2026-03-10T14:46:45.577+05:30  INFO 18570 --- [           main] com.zaxxer.hikari.HikariDataSource       : check-run-store-pool - Starting...
2026-03-10T14:46:45.582+05:30  INFO 18570 --- [           main] com.zaxxer.hikari.HikariDataSource       : check-run-store-pool - Start completed.
2026-03-10T14:46:45.655+05:30  INFO 18570 --- [           main] org.flywaydb.core.FlywayExecutor         : Database: jdbc:postgresql://localhost:5432/contracts (PostgreSQL 18.3)
2026-03-10T14:46:45.657+05:30  WARN 18570 --- [           main] o.f.c.internal.database.base.Database    : Flyway upgrade recommended: PostgreSQL 18.3 is newer than this version of Flyway and support has not been tested. The latest supported version of PostgreSQL is 16.
2026-03-10T14:46:45.671+05:30  INFO 18570 --- [           main] o.f.core.internal.command.DbValidate     : Successfully validated 3 migrations (execution time 00:00.010s)
2026-03-10T14:46:45.694+05:30  INFO 18570 --- [           main] o.f.core.internal.command.DbMigrate      : Current version of schema "public": 2
2026-03-10T14:46:45.694+05:30  WARN 18570 --- [           main] o.f.core.internal.command.DbMigrate      : Schema "public" has a version (2) that is newer than the latest available migration (0) !
2026-03-10T14:46:45.699+05:30  INFO 18570 --- [           main] o.f.core.internal.command.DbMigrate      : Schema "public" is up to date. No migration necessary.
2026-03-10T14:46:45.702+05:30  INFO 18570 --- [           main] c.ideas.contracts.service.CheckRunStore  : event=check_store_initialized component=check_run_store db_target=jdbc:postgresql://localhost:5432/contracts backend=postgresql
2026-03-10T14:46:45.750+05:30  INFO 18570 --- [           main] r$InitializeUserDetailsManagerConfigurer : Global AuthenticationManager configured with UserDetailsService bean with name userDetailsService
2026-03-10T14:46:45.909+05:30  INFO 18570 --- [           main] o.s.b.a.e.web.EndpointLinksResolver      : Exposing 3 endpoints beneath base path '/actuator'
2026-03-10T14:46:45.931+05:30  INFO 18570 --- [           main] o.s.b.w.embedded.tomcat.TomcatWebServer  : Tomcat started on port 8080 (http) with context path '/'
2026-03-10T14:46:45.937+05:30  INFO 18570 --- [           main] c.i.c.s.ContractServiceApplication       : Started ContractServiceApplication in 0.92 seconds (process running for 1.011)
2026-03-10T14:46:46.562+05:30  INFO 18570 --- [nio-8080-exec-1] o.a.c.c.C.[Tomcat].[localhost].[/]       : Initializing Spring DispatcherServlet 'dispatcherServlet'
2026-03-10T14:46:46.562+05:30  INFO 18570 --- [nio-8080-exec-1] o.s.web.servlet.DispatcherServlet        : Initializing Servlet 'dispatcherServlet'
2026-03-10T14:46:46.563+05:30  INFO 18570 --- [nio-8080-exec-1] o.s.web.servlet.DispatcherServlet        : Completed initialization in 1 ms
2026-03-10T14:48:25.678+05:30  INFO 18570 --- [nio-8080-exec-2] c.ideas.contracts.service.UiController   : event=ui_route_access component=ui_controller route=dashboard request_id=0b3b11ea-bb86-4a00-95db-c7a47f54d14b arg1=- arg2=-
2026-03-10T14:48:26.210+05:30  INFO 18570 --- [nio-8080-exec-4] c.ideas.contracts.service.UiController   : event=ui_route_access component=ui_controller route=dashboard request_id=c8495031-f17d-4920-a649-d68244393d87 arg1=- arg2=-
2026-03-10T14:48:37.579+05:30  INFO 18570 --- [nio-8080-exec-6] c.ideas.contracts.service.UiController   : event=ui_route_access component=ui_controller route=contracts request_id=3a4e494c-59fe-4ee4-8cc8-ed7e19b114df arg1=- arg2=-
2026-03-10T14:48:38.430+05:30  INFO 18570 --- [nio-8080-exec-8] c.ideas.contracts.service.UiController   : event=ui_route_access component=ui_controller route=contracts request_id=ac391132-b912-43c0-839d-7275d06ce912 arg1=- arg2=-
2026-03-10T14:50:27.439+05:30  INFO 18570 --- [nio-8080-exec-2] c.ideas.contracts.service.UiController   : event=ui_route_access component=ui_controller route=contract_detail request_id=070dcbae-159f-467e-93d9-3f915927be84 arg1=orders.created arg2=-
2026-03-10T14:50:27.543+05:30  INFO 18570 --- [nio-8080-exec-4] c.ideas.contracts.service.UiController   : event=ui_route_access component=ui_controller route=contract_detail request_id=63689476-2117-4312-9e51-ae644481fd6f arg1=orders.created arg2=-
2026-03-10T14:51:11.456+05:30  INFO 18570 --- [nio-8080-exec-8] c.ideas.contracts.service.UiController   : event=ui_route_access component=ui_controller route=check_detail request_id=3e945ba7-5d12-4d66-bd91-b2e026e35c42 arg1=b7eebbc1-28f0-4e69-9095-31d71fb0e69e arg2=-
2026-03-10T14:51:58.243+05:30  INFO 18570 --- [nio-8080-exec-8] o.springdoc.api.AbstractOpenApiResource  : Init duration for springdoc-openapi is: 104 ms
2026-03-10T14:53:32.300+05:30  INFO 18570 --- [ionShutdownHook] com.zaxxer.hikari.HikariDataSource       : check-run-store-pool - Shutdown initiated...
2026-03-10T14:53:32.302+05:30  INFO 18570 --- [ionShutdownHook] com.zaxxer.hikari.HikariDataSource       : check-run-store-pool - Shutdown completed.
[INFO] ------------------------------------------------------------------------
[INFO] BUILD FAILURE
[INFO] ------------------------------------------------------------------------
[INFO] Total time:  06:47 min
[INFO] Finished at: 2026-03-10T14:53:32+05:30
[INFO] ------------------------------------------------------------------------
[ERROR] Failed to execute goal org.springframework.boot:spring-boot-maven-plugin:3.3.5:run (default-cli) on project contract-service: Process terminated with exit code: 143 -> [Help 1]
[ERROR] 
[ERROR] To see the full stack trace of the errors, re-run Maven with the -e switch.
[ERROR] Re-run Maven using the -X switch to enable full debug logging.
[ERROR] 
[ERROR] For more information about the errors and possible solutions, please read the following articles:
[ERROR] [Help 1] http://cwiki.apache.org/confluence/display/MAVEN/MojoExecutionException
